\BOOKMARK [0][-]{chapter.1}{\376\377\0001\000\040\000A\000r\000c\000a\000d\000e}{}% 1
\BOOKMARK [1][-]{section.1.1}{\376\377\0001\000.\0001\000\040\000I\000n\000t\000r\000o\000d\000u\000c\000t\000i\000o\000n}{chapter.1}% 2
\BOOKMARK [1][-]{section.1.2}{\376\377\0001\000.\0002\000\040\000G\000a\000m\000e\000s}{chapter.1}% 3
\BOOKMARK [1][-]{section.1.3}{\376\377\0001\000.\0003\000\040\000G\000r\000a\000p\000h\000i\000c\000s\000\040\000L\000i\000b\000s}{chapter.1}% 4
\BOOKMARK [1][-]{section.1.4}{\376\377\0001\000.\0004\000\040\000C\000o\000m\000m\000a\000n\000d\000s\000\040\000a\000n\000d\000\040\000k\000e\000y\000s}{chapter.1}% 5
\BOOKMARK [2][-]{subsection.1.4.1}{\376\377\0001\000.\0004\000.\0001\000\040\000G\000a\000m\000e\000\040\000-\000>\000\040\000P\000l\000a\000y}{section.1.4}% 6
\BOOKMARK [2][-]{subsection.1.4.2}{\376\377\0001\000.\0004\000.\0002\000\040\000G\000a\000m\000e\000\040\000-\000>\000\040\000O\000t\000h\000e\000r\000\040\000a\000c\000t\000i\000o\000n\000s}{section.1.4}% 7
\BOOKMARK [2][-]{subsection.1.4.3}{\376\377\0001\000.\0004\000.\0003\000\040\000M\000e\000n\000u\000\040\000-\000>\000\040\000C\000o\000m\000m\000a\000n\000d\000s}{section.1.4}% 8
\BOOKMARK [1][-]{section.1.5}{\376\377\0001\000.\0005\000\040\000I\000n\000t\000e\000r\000f\000a\000c\000e\000\040\000S\000h\000a\000r\000i\000n\000g}{chapter.1}% 9
\BOOKMARK [2][-]{subsection.1.5.1}{\376\377\0001\000.\0005\000.\0001\000\040\000G\000r\000o\000u\000p\000s}{section.1.5}% 10
\BOOKMARK [1][-]{section.1.6}{\376\377\0001\000.\0006\000\040\000T\000e\000c\000h\000n\000i\000c\000a\000l\000\040\000D\000o\000c\000u\000m\000e\000n\000t\000a\000t\000i\000o\000n}{chapter.1}% 11
\BOOKMARK [0][-]{chapter.2}{\376\377\0002\000\040\000H\000i\000e\000r\000a\000r\000c\000h\000i\000c\000a\000l\000\040\000I\000n\000d\000e\000x}{}% 12
\BOOKMARK [1][-]{section.2.1}{\376\377\0002\000.\0001\000\040\000C\000l\000a\000s\000s\000\040\000H\000i\000e\000r\000a\000r\000c\000h\000y}{chapter.2}% 13
\BOOKMARK [0][-]{chapter.3}{\376\377\0003\000\040\000C\000l\000a\000s\000s\000\040\000I\000n\000d\000e\000x}{}% 14
\BOOKMARK [1][-]{section.3.1}{\376\377\0003\000.\0001\000\040\000C\000l\000a\000s\000s\000\040\000L\000i\000s\000t}{chapter.3}% 15
\BOOKMARK [0][-]{chapter.4}{\376\377\0004\000\040\000F\000i\000l\000e\000\040\000I\000n\000d\000e\000x}{}% 16
\BOOKMARK [1][-]{section.4.1}{\376\377\0004\000.\0001\000\040\000F\000i\000l\000e\000\040\000L\000i\000s\000t}{chapter.4}% 17
\BOOKMARK [0][-]{chapter.5}{\376\377\0005\000\040\000C\000l\000a\000s\000s\000\040\000D\000o\000c\000u\000m\000e\000n\000t\000a\000t\000i\000o\000n}{}% 18
\BOOKMARK [1][-]{section.5.1}{\376\377\0005\000.\0001\000\040\000B\000u\000l\000l\000e\000t\000\040\000C\000l\000a\000s\000s\000\040\000R\000e\000f\000e\000r\000e\000n\000c\000e}{chapter.5}% 19
\BOOKMARK [2][-]{subsection.5.1.1}{\376\377\0005\000.\0001\000.\0001\000\040\000C\000o\000n\000s\000t\000r\000u\000c\000t\000o\000r\000\040\000\046\000\040\000D\000e\000s\000t\000r\000u\000c\000t\000o\000r\000\040\000D\000o\000c\000u\000m\000e\000n\000t\000a\000t\000i\000o\000n}{section.5.1}% 20
\BOOKMARK [3][-]{subsubsection.5.1.1.1}{\376\377\0005\000.\0001\000.\0001\000.\0001\000\040\000B\000u\000l\000l\000e\000t\000\050\000\051}{subsection.5.1.1}% 21
\BOOKMARK [3][-]{subsubsection.5.1.1.2}{\376\377\0005\000.\0001\000.\0001\000.\0002\000\040\000\040\000B\000u\000l\000l\000e\000t\000\050\000\051}{subsection.5.1.1}% 22
\BOOKMARK [2][-]{subsection.5.1.2}{\376\377\0005\000.\0001\000.\0002\000\040\000M\000e\000m\000b\000e\000r\000\040\000D\000a\000t\000a\000\040\000D\000o\000c\000u\000m\000e\000n\000t\000a\000t\000i\000o\000n}{section.5.1}% 23
\BOOKMARK [3][-]{subsubsection.5.1.2.1}{\376\377\0005\000.\0001\000.\0002\000.\0001\000\040\000\137\000x}{subsection.5.1.2}% 24
\BOOKMARK [3][-]{subsubsection.5.1.2.2}{\376\377\0005\000.\0001\000.\0002\000.\0002\000\040\000\137\000y}{subsection.5.1.2}% 25
\BOOKMARK [1][-]{section.5.2}{\376\377\0005\000.\0002\000\040\000C\000e\000n\000t\000i\000p\000e\000d\000e\000\040\000C\000l\000a\000s\000s\000\040\000R\000e\000f\000e\000r\000e\000n\000c\000e}{chapter.5}% 26
\BOOKMARK [2][-]{subsection.5.2.1}{\376\377\0005\000.\0002\000.\0001\000\040\000D\000e\000t\000a\000i\000l\000e\000d\000\040\000D\000e\000s\000c\000r\000i\000p\000t\000i\000o\000n}{section.5.2}% 27
\BOOKMARK [2][-]{subsection.5.2.2}{\376\377\0005\000.\0002\000.\0002\000\040\000C\000o\000n\000s\000t\000r\000u\000c\000t\000o\000r\000\040\000\046\000\040\000D\000e\000s\000t\000r\000u\000c\000t\000o\000r\000\040\000D\000o\000c\000u\000m\000e\000n\000t\000a\000t\000i\000o\000n}{section.5.2}% 28
\BOOKMARK [3][-]{subsubsection.5.2.2.1}{\376\377\0005\000.\0002\000.\0002\000.\0001\000\040\000C\000e\000n\000t\000i\000p\000e\000d\000e\000\050\000\051}{subsection.5.2.2}% 29
\BOOKMARK [3][-]{subsubsection.5.2.2.2}{\376\377\0005\000.\0002\000.\0002\000.\0002\000\040\000\040\000C\000e\000n\000t\000i\000p\000e\000d\000e\000\050\000\051}{subsection.5.2.2}% 30
\BOOKMARK [2][-]{subsection.5.2.3}{\376\377\0005\000.\0002\000.\0003\000\040\000M\000e\000m\000b\000e\000r\000\040\000F\000u\000n\000c\000t\000i\000o\000n\000\040\000D\000o\000c\000u\000m\000e\000n\000t\000a\000t\000i\000o\000n}{section.5.2}% 31
\BOOKMARK [3][-]{subsubsection.5.2.3.1}{\376\377\0005\000.\0002\000.\0003\000.\0001\000\040\000c\000h\000a\000n\000g\000e\000D\000i\000r\000\050\000\051}{subsection.5.2.3}% 32
\BOOKMARK [3][-]{subsubsection.5.2.3.2}{\376\377\0005\000.\0002\000.\0003\000.\0002\000\040\000c\000h\000e\000c\000k\000C\000o\000l\000l\000i\000s\000i\000o\000n\000\050\000\051}{subsection.5.2.3}% 33
\BOOKMARK [3][-]{subsubsection.5.2.3.3}{\376\377\0005\000.\0002\000.\0003\000.\0003\000\040\000c\000h\000e\000c\000k\000I\000n\000p\000u\000t\000s\000\050\000\051}{subsection.5.2.3}% 34
\BOOKMARK [3][-]{subsubsection.5.2.3.4}{\376\377\0005\000.\0002\000.\0003\000.\0004\000\040\000c\000r\000e\000a\000t\000e\000C\000e\000n\000t\000i\000p\000e\000d\000e\000\050\000\051}{subsection.5.2.3}% 35
\BOOKMARK [3][-]{subsubsection.5.2.3.5}{\376\377\0005\000.\0002\000.\0003\000.\0005\000\040\000g\000e\000t\000B\000u\000l\000l\000e\000t\000X\000\050\000\051}{subsection.5.2.3}% 36
\BOOKMARK [3][-]{subsubsection.5.2.3.6}{\376\377\0005\000.\0002\000.\0003\000.\0006\000\040\000g\000e\000t\000B\000u\000l\000l\000e\000t\000Y\000\050\000\051}{subsection.5.2.3}% 37
\BOOKMARK [3][-]{subsubsection.5.2.3.7}{\376\377\0005\000.\0002\000.\0003\000.\0007\000\040\000g\000e\000t\000F\000o\000o\000d\000X\000\050\000\051}{subsection.5.2.3}% 38
\BOOKMARK [3][-]{subsubsection.5.2.3.8}{\376\377\0005\000.\0002\000.\0003\000.\0008\000\040\000g\000e\000t\000F\000o\000o\000d\000Y\000\050\000\051}{subsection.5.2.3}% 39
\BOOKMARK [3][-]{subsubsection.5.2.3.9}{\376\377\0005\000.\0002\000.\0003\000.\0009\000\040\000g\000e\000t\000S\000c\000o\000r\000e\000\050\000\051}{subsection.5.2.3}% 40
\BOOKMARK [3][-]{subsubsection.5.2.3.10}{\376\377\0005\000.\0002\000.\0003\000.\0001\0000\000\040\000g\000e\000t\000S\000n\000a\000k\000e\000\050\000\051}{subsection.5.2.3}% 41
\BOOKMARK [3][-]{subsubsection.5.2.3.11}{\376\377\0005\000.\0002\000.\0003\000.\0001\0001\000\040\000g\000e\000t\000S\000n\000a\000k\000e\000X\000p\000o\000s\000\050\000\051}{subsection.5.2.3}% 42
\BOOKMARK [3][-]{subsubsection.5.2.3.12}{\376\377\0005\000.\0002\000.\0003\000.\0001\0002\000\040\000g\000e\000t\000S\000n\000a\000k\000e\000Y\000p\000o\000s\000\050\000\051}{subsection.5.2.3}% 43
\BOOKMARK [3][-]{subsubsection.5.2.3.13}{\376\377\0005\000.\0002\000.\0003\000.\0001\0003\000\040\000g\000e\000t\000X\000p\000o\000s\000\050\000\051}{subsection.5.2.3}% 44
\BOOKMARK [3][-]{subsubsection.5.2.3.14}{\376\377\0005\000.\0002\000.\0003\000.\0001\0004\000\040\000g\000e\000t\000Y\000p\000o\000s\000\050\000\051}{subsection.5.2.3}% 45
\BOOKMARK [3][-]{subsubsection.5.2.3.15}{\376\377\0005\000.\0002\000.\0003\000.\0001\0005\000\040\000h\000i\000t\000W\000a\000l\000l\000\050\000\051}{subsection.5.2.3}% 46
\BOOKMARK [3][-]{subsubsection.5.2.3.16}{\376\377\0005\000.\0002\000.\0003\000.\0001\0006\000\040\000r\000e\000l\000a\000u\000n\000c\000h\000\050\000\051}{subsection.5.2.3}% 47
\BOOKMARK [3][-]{subsubsection.5.2.3.17}{\376\377\0005\000.\0002\000.\0003\000.\0001\0007\000\040\000s\000e\000t\000L\000o\000c\000k\000\050\000\051}{subsection.5.2.3}% 48
\BOOKMARK [2][-]{subsection.5.2.4}{\376\377\0005\000.\0002\000.\0004\000\040\000M\000e\000m\000b\000e\000r\000\040\000D\000a\000t\000a\000\040\000D\000o\000c\000u\000m\000e\000n\000t\000a\000t\000i\000o\000n}{section.5.2}% 49
\BOOKMARK [3][-]{subsubsection.5.2.4.1}{\376\377\0005\000.\0002\000.\0004\000.\0001\000\040\000b\000u\000l\000l\000e\000t\000\137\000x}{subsection.5.2.4}% 50
\BOOKMARK [3][-]{subsubsection.5.2.4.2}{\376\377\0005\000.\0002\000.\0004\000.\0002\000\040\000b\000u\000l\000l\000e\000t\000\137\000y}{subsection.5.2.4}% 51
\BOOKMARK [3][-]{subsubsection.5.2.4.3}{\376\377\0005\000.\0002\000.\0004\000.\0003\000\040\000f\000o\000o\000d\000\137\000x}{subsection.5.2.4}% 52
\BOOKMARK [3][-]{subsubsection.5.2.4.4}{\376\377\0005\000.\0002\000.\0004\000.\0004\000\040\000f\000o\000o\000d\000\137\000y}{subsection.5.2.4}% 53
\BOOKMARK [3][-]{subsubsection.5.2.4.5}{\376\377\0005\000.\0002\000.\0004\000.\0005\000\040\000h\000i\000t\000\137\000c\000o\000u\000n\000t\000e\000r}{subsection.5.2.4}% 54
\BOOKMARK [3][-]{subsubsection.5.2.4.6}{\376\377\0005\000.\0002\000.\0004\000.\0006\000\040\000l\000o\000c\000k}{subsection.5.2.4}% 55
\BOOKMARK [3][-]{subsubsection.5.2.4.7}{\376\377\0005\000.\0002\000.\0004\000.\0007\000\040\000s\000n\000a\000k\000e\000s}{subsection.5.2.4}% 56
\BOOKMARK [3][-]{subsubsection.5.2.4.8}{\376\377\0005\000.\0002\000.\0004\000.\0008\000\040\000w\000a\000l\000l}{subsection.5.2.4}% 57
\BOOKMARK [3][-]{subsubsection.5.2.4.9}{\376\377\0005\000.\0002\000.\0004\000.\0009\000\040\000x}{subsection.5.2.4}% 58
\BOOKMARK [3][-]{subsubsection.5.2.4.10}{\376\377\0005\000.\0002\000.\0004\000.\0001\0000\000\040\000x\000c\000o\000o\000r\000d\000s}{subsection.5.2.4}% 59
\BOOKMARK [3][-]{subsubsection.5.2.4.11}{\376\377\0005\000.\0002\000.\0004\000.\0001\0001\000\040\000y}{subsection.5.2.4}% 60
\BOOKMARK [3][-]{subsubsection.5.2.4.12}{\376\377\0005\000.\0002\000.\0004\000.\0001\0002\000\040\000y\000c\000o\000o\000r\000d\000s}{subsection.5.2.4}% 61
\BOOKMARK [1][-]{section.5.3}{\376\377\0005\000.\0003\000\040\000C\000o\000r\000e\000\040\000C\000l\000a\000s\000s\000\040\000R\000e\000f\000e\000r\000e\000n\000c\000e}{chapter.5}% 62
\BOOKMARK [2][-]{subsection.5.3.1}{\376\377\0005\000.\0003\000.\0001\000\040\000D\000e\000t\000a\000i\000l\000e\000d\000\040\000D\000e\000s\000c\000r\000i\000p\000t\000i\000o\000n}{section.5.3}% 63
\BOOKMARK [2][-]{subsection.5.3.2}{\376\377\0005\000.\0003\000.\0002\000\040\000C\000o\000n\000s\000t\000r\000u\000c\000t\000o\000r\000\040\000\046\000\040\000D\000e\000s\000t\000r\000u\000c\000t\000o\000r\000\040\000D\000o\000c\000u\000m\000e\000n\000t\000a\000t\000i\000o\000n}{section.5.3}% 64
\BOOKMARK [3][-]{subsubsection.5.3.2.1}{\376\377\0005\000.\0003\000.\0002\000.\0001\000\040\000C\000o\000r\000e\000\050\000\051}{subsection.5.3.2}% 65
\BOOKMARK [3][-]{subsubsection.5.3.2.2}{\376\377\0005\000.\0003\000.\0002\000.\0002\000\040\000\040\000C\000o\000r\000e\000\050\000\051}{subsection.5.3.2}% 66
\BOOKMARK [2][-]{subsection.5.3.3}{\376\377\0005\000.\0003\000.\0003\000\040\000M\000e\000m\000b\000e\000r\000\040\000F\000u\000n\000c\000t\000i\000o\000n\000\040\000D\000o\000c\000u\000m\000e\000n\000t\000a\000t\000i\000o\000n}{section.5.3}% 67
\BOOKMARK [3][-]{subsubsection.5.3.3.1}{\376\377\0005\000.\0003\000.\0003\000.\0001\000\040\000a\000d\000d\000P\000l\000a\000y\000e\000r\000N\000a\000m\000e\000\050\000\051}{subsection.5.3.3}% 68
\BOOKMARK [3][-]{subsubsection.5.3.3.2}{\376\377\0005\000.\0003\000.\0003\000.\0002\000\040\000g\000a\000m\000e\000L\000o\000o\000p\000\050\000\051}{subsection.5.3.3}% 69
\BOOKMARK [3][-]{subsubsection.5.3.3.3}{\376\377\0005\000.\0003\000.\0003\000.\0003\000\040\000g\000a\000m\000e\000P\000r\000i\000n\000t\000\050\000\051}{subsection.5.3.3}% 70
\BOOKMARK [3][-]{subsubsection.5.3.3.4}{\376\377\0005\000.\0003\000.\0003\000.\0004\000\040\000g\000e\000t\000G\000a\000m\000e\000\050\000\051}{subsection.5.3.3}% 71
\BOOKMARK [3][-]{subsubsection.5.3.3.5}{\376\377\0005\000.\0003\000.\0003\000.\0005\000\040\000g\000e\000t\000G\000a\000m\000e\000N\000a\000m\000e\000\050\000\051}{subsection.5.3.3}% 72
\BOOKMARK [3][-]{subsubsection.5.3.3.6}{\376\377\0005\000.\0003\000.\0003\000.\0006\000\040\000g\000e\000t\000G\000r\000a\000p\000h\000i\000c\000\050\000\051}{subsection.5.3.3}% 73
\BOOKMARK [3][-]{subsubsection.5.3.3.7}{\376\377\0005\000.\0003\000.\0003\000.\0007\000\040\000g\000e\000t\000G\000r\000a\000p\000h\000N\000a\000m\000e\000\050\000\051}{subsection.5.3.3}% 74
\BOOKMARK [3][-]{subsubsection.5.3.3.8}{\376\377\0005\000.\0003\000.\0003\000.\0008\000\040\000g\000e\000t\000I\000n\000p\000u\000t\000\050\000\051}{subsection.5.3.3}% 75
\BOOKMARK [3][-]{subsubsection.5.3.3.9}{\376\377\0005\000.\0003\000.\0003\000.\0009\000\040\000g\000e\000t\000P\000l\000a\000y\000\050\000\051}{subsection.5.3.3}% 76
\BOOKMARK [3][-]{subsubsection.5.3.3.10}{\376\377\0005\000.\0003\000.\0003\000.\0001\0000\000\040\000i\000n\000G\000a\000m\000e\000s\000N\000a\000m\000e\000\050\000\051}{subsection.5.3.3}% 77
\BOOKMARK [3][-]{subsubsection.5.3.3.11}{\376\377\0005\000.\0003\000.\0003\000.\0001\0001\000\040\000i\000n\000G\000r\000a\000p\000h\000i\000c\000s\000N\000a\000m\000e\000\050\000\051}{subsection.5.3.3}% 78
\BOOKMARK [3][-]{subsubsection.5.3.3.12}{\376\377\0005\000.\0003\000.\0003\000.\0001\0002\000\040\000l\000i\000b\000\050\000\051}{subsection.5.3.3}% 79
\BOOKMARK [3][-]{subsubsection.5.3.3.13}{\376\377\0005\000.\0003\000.\0003\000.\0001\0003\000\040\000m\000e\000n\000u\000\050\000\051}{subsection.5.3.3}% 80
\BOOKMARK [3][-]{subsubsection.5.3.3.14}{\376\377\0005\000.\0003\000.\0003\000.\0001\0004\000\040\000p\000A\000c\000t\000u\000a\000l\000\050\000\051}{subsection.5.3.3}% 81
\BOOKMARK [3][-]{subsubsection.5.3.3.15}{\376\377\0005\000.\0003\000.\0003\000.\0001\0005\000\040\000p\000C\000o\000m\000m\000a\000n\000d\000\050\000\051}{subsection.5.3.3}% 82
\BOOKMARK [3][-]{subsubsection.5.3.3.16}{\376\377\0005\000.\0003\000.\0003\000.\0001\0006\000\040\000p\000N\000o\000t\000H\000a\000n\000d\000l\000e\000\050\000\051}{subsection.5.3.3}% 83
\BOOKMARK [3][-]{subsubsection.5.3.3.17}{\376\377\0005\000.\0003\000.\0003\000.\0001\0007\000\040\000p\000r\000i\000n\000t\000L\000i\000b\000\050\000\051}{subsection.5.3.3}% 84
\BOOKMARK [3][-]{subsubsection.5.3.3.18}{\376\377\0005\000.\0003\000.\0003\000.\0001\0008\000\040\000s\000e\000t\000F\000i\000r\000s\000t\000G\000a\000m\000e\000\050\000\051}{subsection.5.3.3}% 85
\BOOKMARK [3][-]{subsubsection.5.3.3.19}{\376\377\0005\000.\0003\000.\0003\000.\0001\0009\000\040\000s\000e\000t\000F\000i\000r\000s\000t\000G\000r\000a\000p\000h\000\050\000\051}{subsection.5.3.3}% 86
\BOOKMARK [3][-]{subsubsection.5.3.3.20}{\376\377\0005\000.\0003\000.\0003\000.\0002\0000\000\040\000s\000e\000t\000G\000a\000m\000e\000\050\000\051}{subsection.5.3.3}% 87
\BOOKMARK [3][-]{subsubsection.5.3.3.21}{\376\377\0005\000.\0003\000.\0003\000.\0002\0001\000\040\000s\000e\000t\000G\000r\000a\000p\000h\000i\000c\000\050\000\051}{subsection.5.3.3}% 88
\BOOKMARK [3][-]{subsubsection.5.3.3.22}{\376\377\0005\000.\0003\000.\0003\000.\0002\0002\000\040\000s\000e\000t\000N\000e\000x\000t\000G\000a\000m\000e\000\050\000\051}{subsection.5.3.3}% 89
\BOOKMARK [3][-]{subsubsection.5.3.3.23}{\376\377\0005\000.\0003\000.\0003\000.\0002\0003\000\040\000s\000e\000t\000N\000e\000x\000t\000G\000r\000a\000p\000h\000i\000c\000\050\000\051}{subsection.5.3.3}% 90
\BOOKMARK [3][-]{subsubsection.5.3.3.24}{\376\377\0005\000.\0003\000.\0003\000.\0002\0004\000\040\000s\000e\000t\000P\000o\000s\000G\000a\000m\000e\000\050\000\051}{subsection.5.3.3}% 91
\BOOKMARK [3][-]{subsubsection.5.3.3.25}{\376\377\0005\000.\0003\000.\0003\000.\0002\0005\000\040\000s\000e\000t\000P\000o\000s\000G\000r\000a\000p\000h\000\050\000\051}{subsection.5.3.3}% 92
\BOOKMARK [3][-]{subsubsection.5.3.3.26}{\376\377\0005\000.\0003\000.\0003\000.\0002\0006\000\040\000s\000e\000t\000P\000r\000e\000v\000G\000a\000m\000e\000\050\000\051}{subsection.5.3.3}% 93
\BOOKMARK [3][-]{subsubsection.5.3.3.27}{\376\377\0005\000.\0003\000.\0003\000.\0002\0007\000\040\000s\000e\000t\000P\000r\000e\000v\000G\000r\000a\000p\000h\000i\000c\000\050\000\051}{subsection.5.3.3}% 94
\BOOKMARK [3][-]{subsubsection.5.3.3.28}{\376\377\0005\000.\0003\000.\0003\000.\0002\0008\000\040\000s\000t\000a\000r\000t\000O\000r\000E\000x\000i\000t\000\050\000\051}{subsection.5.3.3}% 95
\BOOKMARK [2][-]{subsection.5.3.4}{\376\377\0005\000.\0003\000.\0004\000\040\000M\000e\000m\000b\000e\000r\000\040\000D\000a\000t\000a\000\040\000D\000o\000c\000u\000m\000e\000n\000t\000a\000t\000i\000o\000n}{section.5.3}% 96
\BOOKMARK [3][-]{subsubsection.5.3.4.1}{\376\377\0005\000.\0003\000.\0004\000.\0001\000\040\000\137\000a\000c\000t\000u\000a\000l\000G\000a\000m\000e}{subsection.5.3.4}% 97
\BOOKMARK [3][-]{subsubsection.5.3.4.2}{\376\377\0005\000.\0003\000.\0004\000.\0002\000\040\000\137\000a\000c\000t\000u\000a\000l\000L\000i\000b}{subsection.5.3.4}% 98
\BOOKMARK [3][-]{subsubsection.5.3.4.3}{\376\377\0005\000.\0003\000.\0004\000.\0003\000\040\000\137\000c\000o\000m\000m\000a\000n\000d}{subsection.5.3.4}% 99
\BOOKMARK [3][-]{subsubsection.5.3.4.4}{\376\377\0005\000.\0003\000.\0004\000.\0004\000\040\000\137\000g\000a\000m\000e}{subsection.5.3.4}% 100
\BOOKMARK [3][-]{subsubsection.5.3.4.5}{\376\377\0005\000.\0003\000.\0004\000.\0005\000\040\000\137\000g\000a\000m\000e\000s\000N\000a\000m\000e}{subsection.5.3.4}% 101
\BOOKMARK [3][-]{subsubsection.5.3.4.6}{\376\377\0005\000.\0003\000.\0004\000.\0006\000\040\000\137\000g\000r\000a\000p\000h\000i\000c}{subsection.5.3.4}% 102
\BOOKMARK [3][-]{subsubsection.5.3.4.7}{\376\377\0005\000.\0003\000.\0004\000.\0007\000\040\000\137\000g\000r\000a\000p\000h\000N\000a\000m\000e}{subsection.5.3.4}% 103
\BOOKMARK [3][-]{subsubsection.5.3.4.8}{\376\377\0005\000.\0003\000.\0004\000.\0008\000\040\000\137\000m\000a\000x\000G\000a\000m\000e}{subsection.5.3.4}% 104
\BOOKMARK [3][-]{subsubsection.5.3.4.9}{\376\377\0005\000.\0003\000.\0004\000.\0009\000\040\000\137\000m\000a\000x\000G\000r\000a\000p\000h}{subsection.5.3.4}% 105
\BOOKMARK [3][-]{subsubsection.5.3.4.10}{\376\377\0005\000.\0003\000.\0004\000.\0001\0000\000\040\000\137\000p\000l\000a\000y}{subsection.5.3.4}% 106
\BOOKMARK [3][-]{subsubsection.5.3.4.11}{\376\377\0005\000.\0003\000.\0004\000.\0001\0001\000\040\000\137\000p\000l\000a\000y\000e\000r\000N\000a\000m\000e}{subsection.5.3.4}% 107
\BOOKMARK [3][-]{subsubsection.5.3.4.12}{\376\377\0005\000.\0003\000.\0004\000.\0001\0002\000\040\000\137\000p\000o\000s\000G\000a\000m\000e}{subsection.5.3.4}% 108
\BOOKMARK [3][-]{subsubsection.5.3.4.13}{\376\377\0005\000.\0003\000.\0004\000.\0001\0003\000\040\000\137\000p\000o\000s\000G\000r\000a\000p\000h}{subsection.5.3.4}% 109
\BOOKMARK [1][-]{section.5.4}{\376\377\0005\000.\0004\000\040\000D\000L\000L\000o\000a\000d\000e\000r\000\040\000C\000l\000a\000s\000s\000\040\000R\000e\000f\000e\000r\000e\000n\000c\000e}{chapter.5}% 110
\BOOKMARK [2][-]{subsection.5.4.1}{\376\377\0005\000.\0004\000.\0001\000\040\000D\000e\000t\000a\000i\000l\000e\000d\000\040\000D\000e\000s\000c\000r\000i\000p\000t\000i\000o\000n}{section.5.4}% 111
\BOOKMARK [2][-]{subsection.5.4.2}{\376\377\0005\000.\0004\000.\0002\000\040\000C\000o\000n\000s\000t\000r\000u\000c\000t\000o\000r\000\040\000\046\000\040\000D\000e\000s\000t\000r\000u\000c\000t\000o\000r\000\040\000D\000o\000c\000u\000m\000e\000n\000t\000a\000t\000i\000o\000n}{section.5.4}% 112
\BOOKMARK [3][-]{subsubsection.5.4.2.1}{\376\377\0005\000.\0004\000.\0002\000.\0001\000\040\000D\000L\000L\000o\000a\000d\000e\000r\000\050\000\051}{subsection.5.4.2}% 113
\BOOKMARK [3][-]{subsubsection.5.4.2.2}{\376\377\0005\000.\0004\000.\0002\000.\0002\000\040\000\040\000D\000L\000L\000o\000a\000d\000e\000r\000\050\000\051}{subsection.5.4.2}% 114
\BOOKMARK [2][-]{subsection.5.4.3}{\376\377\0005\000.\0004\000.\0003\000\040\000M\000e\000m\000b\000e\000r\000\040\000F\000u\000n\000c\000t\000i\000o\000n\000\040\000D\000o\000c\000u\000m\000e\000n\000t\000a\000t\000i\000o\000n}{section.5.4}% 115
\BOOKMARK [3][-]{subsubsection.5.4.3.1}{\376\377\0005\000.\0004\000.\0003\000.\0001\000\040\000c\000l\000o\000s\000e\000A\000l\000l\000H\000a\000n\000d\000l\000e\000s\000\050\000\051}{subsection.5.4.3}% 116
\BOOKMARK [3][-]{subsubsection.5.4.3.2}{\376\377\0005\000.\0004\000.\0003\000.\0002\000\040\000g\000e\000t\000G\000a\000m\000e\000I\000n\000s\000t\000a\000n\000c\000e\000\050\000\051}{subsection.5.4.3}% 117
\BOOKMARK [3][-]{subsubsection.5.4.3.3}{\376\377\0005\000.\0004\000.\0003\000.\0003\000\040\000g\000e\000t\000G\000a\000m\000e\000I\000n\000s\000t\000a\000n\000c\000e\000N\000a\000m\000e\000\050\000\051}{subsection.5.4.3}% 118
\BOOKMARK [3][-]{subsubsection.5.4.3.4}{\376\377\0005\000.\0004\000.\0003\000.\0004\000\040\000g\000e\000t\000G\000a\000m\000e\000s\000N\000b\000\050\000\051}{subsection.5.4.3}% 119
\BOOKMARK [3][-]{subsubsection.5.4.3.5}{\376\377\0005\000.\0004\000.\0003\000.\0005\000\040\000g\000e\000t\000G\000r\000a\000p\000h\000i\000c\000s\000N\000b\000\050\000\051}{subsection.5.4.3}% 120
\BOOKMARK [3][-]{subsubsection.5.4.3.6}{\376\377\0005\000.\0004\000.\0003\000.\0006\000\040\000g\000e\000t\000G\000r\000a\000p\000h\000I\000n\000s\000t\000a\000n\000c\000e\000\050\000\051}{subsection.5.4.3}% 121
\BOOKMARK [3][-]{subsubsection.5.4.3.7}{\376\377\0005\000.\0004\000.\0003\000.\0007\000\040\000g\000e\000t\000G\000r\000a\000p\000h\000I\000n\000s\000t\000a\000n\000c\000e\000N\000a\000m\000e\000\050\000\051}{subsection.5.4.3}% 122
\BOOKMARK [3][-]{subsubsection.5.4.3.8}{\376\377\0005\000.\0004\000.\0003\000.\0008\000\040\000g\000e\000t\000I\000n\000s\000t\000a\000n\000c\000e\000O\000f\000G\000a\000m\000e\000\050\000\051}{subsection.5.4.3}% 123
\BOOKMARK [3][-]{subsubsection.5.4.3.9}{\376\377\0005\000.\0004\000.\0003\000.\0009\000\040\000g\000e\000t\000I\000n\000s\000t\000a\000n\000c\000e\000O\000f\000G\000r\000a\000p\000h\000\050\000\051}{subsection.5.4.3}% 124
\BOOKMARK [3][-]{subsubsection.5.4.3.10}{\376\377\0005\000.\0004\000.\0003\000.\0001\0000\000\040\000i\000n\000s\000i\000d\000e\000O\000f\000G\000a\000m\000e\000s\000\050\000\051}{subsection.5.4.3}% 125
\BOOKMARK [2][-]{subsection.5.4.4}{\376\377\0005\000.\0004\000.\0004\000\040\000M\000e\000m\000b\000e\000r\000\040\000D\000a\000t\000a\000\040\000D\000o\000c\000u\000m\000e\000n\000t\000a\000t\000i\000o\000n}{section.5.4}% 126
\BOOKMARK [3][-]{subsubsection.5.4.4.1}{\376\377\0005\000.\0004\000.\0004\000.\0001\000\040\000\137\000g\000a\000m\000e\000s}{subsection.5.4.4}% 127
\BOOKMARK [3][-]{subsubsection.5.4.4.2}{\376\377\0005\000.\0004\000.\0004\000.\0002\000\040\000\137\000g\000a\000m\000e\000s\000N\000a\000m\000e}{subsection.5.4.4}% 128
\BOOKMARK [3][-]{subsubsection.5.4.4.3}{\376\377\0005\000.\0004\000.\0004\000.\0003\000\040\000\137\000g\000a\000m\000e\000s\000N\000b}{subsection.5.4.4}% 129
\BOOKMARK [3][-]{subsubsection.5.4.4.4}{\376\377\0005\000.\0004\000.\0004\000.\0004\000\040\000\137\000g\000r\000a\000p\000h\000i\000c\000s}{subsection.5.4.4}% 130
\BOOKMARK [3][-]{subsubsection.5.4.4.5}{\376\377\0005\000.\0004\000.\0004\000.\0005\000\040\000\137\000g\000r\000a\000p\000h\000i\000c\000s\000N\000a\000m\000e}{subsection.5.4.4}% 131
\BOOKMARK [3][-]{subsubsection.5.4.4.6}{\376\377\0005\000.\0004\000.\0004\000.\0006\000\040\000\137\000g\000r\000a\000p\000h\000i\000c\000s\000N\000b}{subsection.5.4.4}% 132
\BOOKMARK [3][-]{subsubsection.5.4.4.7}{\376\377\0005\000.\0004\000.\0004\000.\0007\000\040\000\137\000h\000a\000n\000d\000l\000e\000s}{subsection.5.4.4}% 133
\BOOKMARK [1][-]{section.5.5}{\376\377\0005\000.\0005\000\040\000I\000G\000a\000m\000e\000\040\000C\000l\000a\000s\000s\000\040\000R\000e\000f\000e\000r\000e\000n\000c\000e}{chapter.5}% 134
\BOOKMARK [2][-]{subsection.5.5.1}{\376\377\0005\000.\0005\000.\0001\000\040\000D\000e\000t\000a\000i\000l\000e\000d\000\040\000D\000e\000s\000c\000r\000i\000p\000t\000i\000o\000n}{section.5.5}% 135
\BOOKMARK [2][-]{subsection.5.5.2}{\376\377\0005\000.\0005\000.\0002\000\040\000C\000o\000n\000s\000t\000r\000u\000c\000t\000o\000r\000\040\000\046\000\040\000D\000e\000s\000t\000r\000u\000c\000t\000o\000r\000\040\000D\000o\000c\000u\000m\000e\000n\000t\000a\000t\000i\000o\000n}{section.5.5}% 136
\BOOKMARK [3][-]{subsubsection.5.5.2.1}{\376\377\0005\000.\0005\000.\0002\000.\0001\000\040\000\040\000I\000G\000a\000m\000e\000\050\000\051}{subsection.5.5.2}% 137
\BOOKMARK [2][-]{subsection.5.5.3}{\376\377\0005\000.\0005\000.\0003\000\040\000M\000e\000m\000b\000e\000r\000\040\000F\000u\000n\000c\000t\000i\000o\000n\000\040\000D\000o\000c\000u\000m\000e\000n\000t\000a\000t\000i\000o\000n}{section.5.5}% 138
\BOOKMARK [3][-]{subsubsection.5.5.3.1}{\376\377\0005\000.\0005\000.\0003\000.\0001\000\040\000c\000h\000e\000c\000k\000I\000n\000p\000u\000t\000s\000\050\000\051}{subsection.5.5.3}% 139
\BOOKMARK [3][-]{subsubsection.5.5.3.2}{\376\377\0005\000.\0005\000.\0003\000.\0002\000\040\000g\000e\000t\000B\000u\000l\000l\000e\000t\000X\000\050\000\051}{subsection.5.5.3}% 140
\BOOKMARK [3][-]{subsubsection.5.5.3.3}{\376\377\0005\000.\0005\000.\0003\000.\0003\000\040\000g\000e\000t\000B\000u\000l\000l\000e\000t\000Y\000\050\000\051}{subsection.5.5.3}% 141
\BOOKMARK [3][-]{subsubsection.5.5.3.4}{\376\377\0005\000.\0005\000.\0003\000.\0004\000\040\000g\000e\000t\000F\000o\000o\000d\000X\000\050\000\051}{subsection.5.5.3}% 142
\BOOKMARK [3][-]{subsubsection.5.5.3.5}{\376\377\0005\000.\0005\000.\0003\000.\0005\000\040\000g\000e\000t\000F\000o\000o\000d\000Y\000\050\000\051}{subsection.5.5.3}% 143
\BOOKMARK [3][-]{subsubsection.5.5.3.6}{\376\377\0005\000.\0005\000.\0003\000.\0006\000\040\000g\000e\000t\000S\000c\000o\000r\000e\000\050\000\051}{subsection.5.5.3}% 144
\BOOKMARK [3][-]{subsubsection.5.5.3.7}{\376\377\0005\000.\0005\000.\0003\000.\0007\000\040\000g\000e\000t\000S\000n\000a\000k\000e\000X\000p\000o\000s\000\050\000\051}{subsection.5.5.3}% 145
\BOOKMARK [3][-]{subsubsection.5.5.3.8}{\376\377\0005\000.\0005\000.\0003\000.\0008\000\040\000g\000e\000t\000S\000n\000a\000k\000e\000Y\000p\000o\000s\000\050\000\051}{subsection.5.5.3}% 146
\BOOKMARK [3][-]{subsubsection.5.5.3.9}{\376\377\0005\000.\0005\000.\0003\000.\0009\000\040\000g\000e\000t\000X\000p\000o\000s\000\050\000\051}{subsection.5.5.3}% 147
\BOOKMARK [3][-]{subsubsection.5.5.3.10}{\376\377\0005\000.\0005\000.\0003\000.\0001\0000\000\040\000g\000e\000t\000Y\000p\000o\000s\000\050\000\051}{subsection.5.5.3}% 148
\BOOKMARK [3][-]{subsubsection.5.5.3.11}{\376\377\0005\000.\0005\000.\0003\000.\0001\0001\000\040\000r\000e\000l\000a\000u\000n\000c\000h\000\050\000\051}{subsection.5.5.3}% 149
\BOOKMARK [3][-]{subsubsection.5.5.3.12}{\376\377\0005\000.\0005\000.\0003\000.\0001\0002\000\040\000s\000e\000t\000L\000o\000c\000k\000\050\000\051}{subsection.5.5.3}% 150
\BOOKMARK [1][-]{section.5.6}{\376\377\0005\000.\0006\000\040\000I\000G\000r\000a\000p\000h\000i\000c\000\040\000C\000l\000a\000s\000s\000\040\000R\000e\000f\000e\000r\000e\000n\000c\000e}{chapter.5}% 151
\BOOKMARK [2][-]{subsection.5.6.1}{\376\377\0005\000.\0006\000.\0001\000\040\000D\000e\000t\000a\000i\000l\000e\000d\000\040\000D\000e\000s\000c\000r\000i\000p\000t\000i\000o\000n}{section.5.6}% 152
\BOOKMARK [2][-]{subsection.5.6.2}{\376\377\0005\000.\0006\000.\0002\000\040\000C\000o\000n\000s\000t\000r\000u\000c\000t\000o\000r\000\040\000\046\000\040\000D\000e\000s\000t\000r\000u\000c\000t\000o\000r\000\040\000D\000o\000c\000u\000m\000e\000n\000t\000a\000t\000i\000o\000n}{section.5.6}% 153
\BOOKMARK [3][-]{subsubsection.5.6.2.1}{\376\377\0005\000.\0006\000.\0002\000.\0001\000\040\000\040\000I\000G\000r\000a\000p\000h\000i\000c\000\050\000\051}{subsection.5.6.2}% 154
\BOOKMARK [2][-]{subsection.5.6.3}{\376\377\0005\000.\0006\000.\0003\000\040\000M\000e\000m\000b\000e\000r\000\040\000F\000u\000n\000c\000t\000i\000o\000n\000\040\000D\000o\000c\000u\000m\000e\000n\000t\000a\000t\000i\000o\000n}{section.5.6}% 155
\BOOKMARK [3][-]{subsubsection.5.6.3.1}{\376\377\0005\000.\0006\000.\0003\000.\0001\000\040\000d\000r\000a\000w\000o\000b\000j\000\050\000\051}{subsection.5.6.3}% 156
\BOOKMARK [3][-]{subsubsection.5.6.3.2}{\376\377\0005\000.\0006\000.\0003\000.\0002\000\040\000g\000e\000t\000I\000n\000p\000u\000t\000\050\000\051}{subsection.5.6.3}% 157
\BOOKMARK [3][-]{subsubsection.5.6.3.3}{\376\377\0005\000.\0006\000.\0003\000.\0003\000\040\000l\000a\000u\000n\000c\000h\000\050\000\051}{subsection.5.6.3}% 158
\BOOKMARK [3][-]{subsubsection.5.6.3.4}{\376\377\0005\000.\0006\000.\0003\000.\0004\000\040\000s\000e\000t\000t\000i\000n\000g\000I\000n\000p\000u\000t\000\050\000\051}{subsection.5.6.3}% 159
\BOOKMARK [3][-]{subsubsection.5.6.3.5}{\376\377\0005\000.\0006\000.\0003\000.\0005\000\040\000s\000t\000o\000p\000\050\000\051}{subsection.5.6.3}% 160
\BOOKMARK [1][-]{section.5.7}{\376\377\0005\000.\0007\000\040\000M\000y\000N\000c\000u\000r\000s\000e\000s\000\040\000C\000l\000a\000s\000s\000\040\000R\000e\000f\000e\000r\000e\000n\000c\000e}{chapter.5}% 161
\BOOKMARK [2][-]{subsection.5.7.1}{\376\377\0005\000.\0007\000.\0001\000\040\000D\000e\000t\000a\000i\000l\000e\000d\000\040\000D\000e\000s\000c\000r\000i\000p\000t\000i\000o\000n}{section.5.7}% 162
\BOOKMARK [2][-]{subsection.5.7.2}{\376\377\0005\000.\0007\000.\0002\000\040\000C\000o\000n\000s\000t\000r\000u\000c\000t\000o\000r\000\040\000\046\000\040\000D\000e\000s\000t\000r\000u\000c\000t\000o\000r\000\040\000D\000o\000c\000u\000m\000e\000n\000t\000a\000t\000i\000o\000n}{section.5.7}% 163
\BOOKMARK [3][-]{subsubsection.5.7.2.1}{\376\377\0005\000.\0007\000.\0002\000.\0001\000\040\000M\000y\000N\000c\000u\000r\000s\000e\000s\000\050\000\051}{subsection.5.7.2}% 164
\BOOKMARK [3][-]{subsubsection.5.7.2.2}{\376\377\0005\000.\0007\000.\0002\000.\0002\000\040\000\040\000M\000y\000N\000c\000u\000r\000s\000e\000s\000\050\000\051}{subsection.5.7.2}% 165
\BOOKMARK [2][-]{subsection.5.7.3}{\376\377\0005\000.\0007\000.\0003\000\040\000M\000e\000m\000b\000e\000r\000\040\000F\000u\000n\000c\000t\000i\000o\000n\000\040\000D\000o\000c\000u\000m\000e\000n\000t\000a\000t\000i\000o\000n}{section.5.7}% 166
\BOOKMARK [3][-]{subsubsection.5.7.3.1}{\376\377\0005\000.\0007\000.\0003\000.\0001\000\040\000d\000r\000a\000w\000o\000b\000j\000\050\000\051}{subsection.5.7.3}% 167
\BOOKMARK [3][-]{subsubsection.5.7.3.2}{\376\377\0005\000.\0007\000.\0003\000.\0002\000\040\000g\000e\000t\000I\000n\000p\000u\000t\000\050\000\051}{subsection.5.7.3}% 168
\BOOKMARK [3][-]{subsubsection.5.7.3.3}{\376\377\0005\000.\0007\000.\0003\000.\0003\000\040\000i\000n\000i\000t\000\050\000\051}{subsection.5.7.3}% 169
\BOOKMARK [3][-]{subsubsection.5.7.3.4}{\376\377\0005\000.\0007\000.\0003\000.\0004\000\040\000l\000a\000u\000n\000c\000h\000\050\000\051}{subsection.5.7.3}% 170
\BOOKMARK [3][-]{subsubsection.5.7.3.5}{\376\377\0005\000.\0007\000.\0003\000.\0005\000\040\000p\000r\000i\000n\000t\000\137\000m\000a\000p\000\050\000\051}{subsection.5.7.3}% 171
\BOOKMARK [3][-]{subsubsection.5.7.3.6}{\376\377\0005\000.\0007\000.\0003\000.\0006\000\040\000s\000e\000t\000t\000i\000n\000g\000I\000n\000p\000u\000t\000\050\000\051}{subsection.5.7.3}% 172
\BOOKMARK [3][-]{subsubsection.5.7.3.7}{\376\377\0005\000.\0007\000.\0003\000.\0007\000\040\000s\000t\000o\000p\000\050\000\051}{subsection.5.7.3}% 173
\BOOKMARK [2][-]{subsection.5.7.4}{\376\377\0005\000.\0007\000.\0004\000\040\000M\000e\000m\000b\000e\000r\000\040\000D\000a\000t\000a\000\040\000D\000o\000c\000u\000m\000e\000n\000t\000a\000t\000i\000o\000n}{section.5.7}% 174
\BOOKMARK [3][-]{subsubsection.5.7.4.1}{\376\377\0005\000.\0007\000.\0004\000.\0001\000\040\000\137\000i\000n\000p\000u\000t}{subsection.5.7.4}% 175
\BOOKMARK [3][-]{subsubsection.5.7.4.2}{\376\377\0005\000.\0007\000.\0004\000.\0002\000\040\000\137\000s\000c\000r\000e\000e\000n}{subsection.5.7.4}% 176
\BOOKMARK [3][-]{subsubsection.5.7.4.3}{\376\377\0005\000.\0007\000.\0004\000.\0003\000\040\000a\000p\000p\000l\000e}{subsection.5.7.4}% 177
\BOOKMARK [3][-]{subsubsection.5.7.4.4}{\376\377\0005\000.\0007\000.\0004\000.\0004\000\040\000b\000u\000l\000l\000e\000t}{subsection.5.7.4}% 178
\BOOKMARK [3][-]{subsubsection.5.7.4.5}{\376\377\0005\000.\0007\000.\0004\000.\0005\000\040\000r\000e\000c\000t\000a\000n\000g\000l\000e}{subsection.5.7.4}% 179
\BOOKMARK [1][-]{section.5.8}{\376\377\0005\000.\0008\000\040\000M\000y\000S\000D\000L\0002\000\040\000C\000l\000a\000s\000s\000\040\000R\000e\000f\000e\000r\000e\000n\000c\000e}{chapter.5}% 180
\BOOKMARK [2][-]{subsection.5.8.1}{\376\377\0005\000.\0008\000.\0001\000\040\000D\000e\000t\000a\000i\000l\000e\000d\000\040\000D\000e\000s\000c\000r\000i\000p\000t\000i\000o\000n}{section.5.8}% 181
\BOOKMARK [2][-]{subsection.5.8.2}{\376\377\0005\000.\0008\000.\0002\000\040\000C\000o\000n\000s\000t\000r\000u\000c\000t\000o\000r\000\040\000\046\000\040\000D\000e\000s\000t\000r\000u\000c\000t\000o\000r\000\040\000D\000o\000c\000u\000m\000e\000n\000t\000a\000t\000i\000o\000n}{section.5.8}% 182
\BOOKMARK [3][-]{subsubsection.5.8.2.1}{\376\377\0005\000.\0008\000.\0002\000.\0001\000\040\000M\000y\000S\000D\000L\0002\000\050\000\051}{subsection.5.8.2}% 183
\BOOKMARK [3][-]{subsubsection.5.8.2.2}{\376\377\0005\000.\0008\000.\0002\000.\0002\000\040\000\040\000M\000y\000S\000D\000L\0002\000\050\000\051}{subsection.5.8.2}% 184
\BOOKMARK [2][-]{subsection.5.8.3}{\376\377\0005\000.\0008\000.\0003\000\040\000M\000e\000m\000b\000e\000r\000\040\000F\000u\000n\000c\000t\000i\000o\000n\000\040\000D\000o\000c\000u\000m\000e\000n\000t\000a\000t\000i\000o\000n}{section.5.8}% 185
\BOOKMARK [3][-]{subsubsection.5.8.3.1}{\376\377\0005\000.\0008\000.\0003\000.\0001\000\040\000d\000r\000a\000w\000A\000p\000p\000l\000e\000\050\000\051}{subsection.5.8.3}% 186
\BOOKMARK [3][-]{subsubsection.5.8.3.2}{\376\377\0005\000.\0008\000.\0003\000.\0002\000\040\000d\000r\000a\000w\000B\000u\000l\000l\000e\000t\000\050\000\051}{subsection.5.8.3}% 187
\BOOKMARK [3][-]{subsubsection.5.8.3.3}{\376\377\0005\000.\0008\000.\0003\000.\0003\000\040\000d\000r\000a\000w\000o\000b\000j\000\050\000\051}{subsection.5.8.3}% 188
\BOOKMARK [3][-]{subsubsection.5.8.3.4}{\376\377\0005\000.\0008\000.\0003\000.\0004\000\040\000d\000r\000a\000w\000S\000n\000a\000k\000e\000\050\000\051}{subsection.5.8.3}% 189
\BOOKMARK [3][-]{subsubsection.5.8.3.5}{\376\377\0005\000.\0008\000.\0003\000.\0005\000\040\000g\000e\000t\000I\000n\000p\000u\000t\000\050\000\051}{subsection.5.8.3}% 190
\BOOKMARK [3][-]{subsubsection.5.8.3.6}{\376\377\0005\000.\0008\000.\0003\000.\0006\000\040\000i\000n\000i\000t\000\050\000\051}{subsection.5.8.3}% 191
\BOOKMARK [3][-]{subsubsection.5.8.3.7}{\376\377\0005\000.\0008\000.\0003\000.\0007\000\040\000l\000a\000u\000n\000c\000h\000\050\000\051}{subsection.5.8.3}% 192
\BOOKMARK [3][-]{subsubsection.5.8.3.8}{\376\377\0005\000.\0008\000.\0003\000.\0008\000\040\000s\000e\000t\000I\000n\000p\000u\000t\000\050\000\051}{subsection.5.8.3}% 193
\BOOKMARK [3][-]{subsubsection.5.8.3.9}{\376\377\0005\000.\0008\000.\0003\000.\0009\000\040\000s\000e\000t\000t\000i\000n\000g\000I\000n\000p\000u\000t\000\050\000\051}{subsection.5.8.3}% 194
\BOOKMARK [3][-]{subsubsection.5.8.3.10}{\376\377\0005\000.\0008\000.\0003\000.\0001\0000\000\040\000s\000t\000o\000p\000\050\000\051}{subsection.5.8.3}% 195
\BOOKMARK [2][-]{subsection.5.8.4}{\376\377\0005\000.\0008\000.\0004\000\040\000M\000e\000m\000b\000e\000r\000\040\000D\000a\000t\000a\000\040\000D\000o\000c\000u\000m\000e\000n\000t\000a\000t\000i\000o\000n}{section.5.8}% 196
\BOOKMARK [3][-]{subsubsection.5.8.4.1}{\376\377\0005\000.\0008\000.\0004\000.\0001\000\040\000\137\000e\000v\000e\000n\000t}{subsection.5.8.4}% 197
\BOOKMARK [3][-]{subsubsection.5.8.4.2}{\376\377\0005\000.\0008\000.\0004\000.\0002\000\040\000\137\000i\000n\000p\000u\000t}{subsection.5.8.4}% 198
\BOOKMARK [3][-]{subsubsection.5.8.4.3}{\376\377\0005\000.\0008\000.\0004\000.\0003\000\040\000\137\000r\000e\000n\000d\000e\000r}{subsection.5.8.4}% 199
\BOOKMARK [3][-]{subsubsection.5.8.4.4}{\376\377\0005\000.\0008\000.\0004\000.\0004\000\040\000\137\000s\000c\000r\000e\000e\000n}{subsection.5.8.4}% 200
\BOOKMARK [1][-]{section.5.9}{\376\377\0005\000.\0009\000\040\000M\000y\000S\000f\000m\000l\000\040\000C\000l\000a\000s\000s\000\040\000R\000e\000f\000e\000r\000e\000n\000c\000e}{chapter.5}% 201
\BOOKMARK [2][-]{subsection.5.9.1}{\376\377\0005\000.\0009\000.\0001\000\040\000D\000e\000t\000a\000i\000l\000e\000d\000\040\000D\000e\000s\000c\000r\000i\000p\000t\000i\000o\000n}{section.5.9}% 202
\BOOKMARK [2][-]{subsection.5.9.2}{\376\377\0005\000.\0009\000.\0002\000\040\000C\000o\000n\000s\000t\000r\000u\000c\000t\000o\000r\000\040\000\046\000\040\000D\000e\000s\000t\000r\000u\000c\000t\000o\000r\000\040\000D\000o\000c\000u\000m\000e\000n\000t\000a\000t\000i\000o\000n}{section.5.9}% 203
\BOOKMARK [3][-]{subsubsection.5.9.2.1}{\376\377\0005\000.\0009\000.\0002\000.\0001\000\040\000M\000y\000S\000f\000m\000l\000\050\000\051}{subsection.5.9.2}% 204
\BOOKMARK [3][-]{subsubsection.5.9.2.2}{\376\377\0005\000.\0009\000.\0002\000.\0002\000\040\000\040\000M\000y\000S\000f\000m\000l\000\050\000\051}{subsection.5.9.2}% 205
\BOOKMARK [2][-]{subsection.5.9.3}{\376\377\0005\000.\0009\000.\0003\000\040\000M\000e\000m\000b\000e\000r\000\040\000F\000u\000n\000c\000t\000i\000o\000n\000\040\000D\000o\000c\000u\000m\000e\000n\000t\000a\000t\000i\000o\000n}{section.5.9}% 206
\BOOKMARK [3][-]{subsubsection.5.9.3.1}{\376\377\0005\000.\0009\000.\0003\000.\0001\000\040\000d\000r\000a\000w\000o\000b\000j\000\050\000\051}{subsection.5.9.3}% 207
\BOOKMARK [3][-]{subsubsection.5.9.3.2}{\376\377\0005\000.\0009\000.\0003\000.\0002\000\040\000g\000e\000t\000I\000n\000p\000u\000t\000\050\000\051}{subsection.5.9.3}% 208
\BOOKMARK [3][-]{subsubsection.5.9.3.3}{\376\377\0005\000.\0009\000.\0003\000.\0003\000\040\000i\000n\000i\000t\000\050\000\051}{subsection.5.9.3}% 209
\BOOKMARK [3][-]{subsubsection.5.9.3.4}{\376\377\0005\000.\0009\000.\0003\000.\0004\000\040\000l\000a\000u\000n\000c\000h\000\050\000\051}{subsection.5.9.3}% 210
\BOOKMARK [3][-]{subsubsection.5.9.3.5}{\376\377\0005\000.\0009\000.\0003\000.\0005\000\040\000s\000e\000t\000I\000n\000p\000u\000t\000\050\000\051}{subsection.5.9.3}% 211
\BOOKMARK [3][-]{subsubsection.5.9.3.6}{\376\377\0005\000.\0009\000.\0003\000.\0006\000\040\000s\000e\000t\000t\000i\000n\000g\000I\000n\000p\000u\000t\000\050\000\051}{subsection.5.9.3}% 212
\BOOKMARK [3][-]{subsubsection.5.9.3.7}{\376\377\0005\000.\0009\000.\0003\000.\0007\000\040\000s\000t\000o\000p\000\050\000\051}{subsection.5.9.3}% 213
\BOOKMARK [2][-]{subsection.5.9.4}{\376\377\0005\000.\0009\000.\0004\000\040\000M\000e\000m\000b\000e\000r\000\040\000D\000a\000t\000a\000\040\000D\000o\000c\000u\000m\000e\000n\000t\000a\000t\000i\000o\000n}{section.5.9}% 214
\BOOKMARK [3][-]{subsubsection.5.9.4.1}{\376\377\0005\000.\0009\000.\0004\000.\0001\000\040\000\137\000i\000n\000p\000u\000t}{subsection.5.9.4}% 215
\BOOKMARK [3][-]{subsubsection.5.9.4.2}{\376\377\0005\000.\0009\000.\0004\000.\0002\000\040\000a\000p\000p\000l\000e}{subsection.5.9.4}% 216
\BOOKMARK [3][-]{subsubsection.5.9.4.3}{\376\377\0005\000.\0009\000.\0004\000.\0003\000\040\000b\000u\000l\000l\000e\000t}{subsection.5.9.4}% 217
\BOOKMARK [3][-]{subsubsection.5.9.4.4}{\376\377\0005\000.\0009\000.\0004\000.\0004\000\040\000r\000e\000c\000t\000a\000n\000g\000l\000e}{subsection.5.9.4}% 218
\BOOKMARK [3][-]{subsubsection.5.9.4.5}{\376\377\0005\000.\0009\000.\0004\000.\0005\000\040\000s\000c\000r\000e\000e\000n}{subsection.5.9.4}% 219
\BOOKMARK [1][-]{section.5.10}{\376\377\0005\000.\0001\0000\000\040\000N\000i\000b\000b\000l\000e\000r\000\040\000C\000l\000a\000s\000s\000\040\000R\000e\000f\000e\000r\000e\000n\000c\000e}{chapter.5}% 220
\BOOKMARK [2][-]{subsection.5.10.1}{\376\377\0005\000.\0001\0000\000.\0001\000\040\000D\000e\000t\000a\000i\000l\000e\000d\000\040\000D\000e\000s\000c\000r\000i\000p\000t\000i\000o\000n}{section.5.10}% 221
\BOOKMARK [2][-]{subsection.5.10.2}{\376\377\0005\000.\0001\0000\000.\0002\000\040\000C\000o\000n\000s\000t\000r\000u\000c\000t\000o\000r\000\040\000\046\000\040\000D\000e\000s\000t\000r\000u\000c\000t\000o\000r\000\040\000D\000o\000c\000u\000m\000e\000n\000t\000a\000t\000i\000o\000n}{section.5.10}% 222
\BOOKMARK [3][-]{subsubsection.5.10.2.1}{\376\377\0005\000.\0001\0000\000.\0002\000.\0001\000\040\000N\000i\000b\000b\000l\000e\000r\000\050\000\051}{subsection.5.10.2}% 223
\BOOKMARK [3][-]{subsubsection.5.10.2.2}{\376\377\0005\000.\0001\0000\000.\0002\000.\0002\000\040\000\040\000N\000i\000b\000b\000l\000e\000r\000\050\000\051}{subsection.5.10.2}% 224
\BOOKMARK [2][-]{subsection.5.10.3}{\376\377\0005\000.\0001\0000\000.\0003\000\040\000M\000e\000m\000b\000e\000r\000\040\000F\000u\000n\000c\000t\000i\000o\000n\000\040\000D\000o\000c\000u\000m\000e\000n\000t\000a\000t\000i\000o\000n}{section.5.10}% 225
\BOOKMARK [3][-]{subsubsection.5.10.3.1}{\376\377\0005\000.\0001\0000\000.\0003\000.\0001\000\040\000c\000h\000a\000n\000g\000e\000D\000i\000r\000\050\000\051}{subsection.5.10.3}% 226
\BOOKMARK [3][-]{subsubsection.5.10.3.2}{\376\377\0005\000.\0001\0000\000.\0003\000.\0002\000\040\000c\000h\000a\000n\000g\000e\000F\000o\000o\000d\000C\000o\000o\000r\000d\000\050\000\051}{subsection.5.10.3}% 227
\BOOKMARK [3][-]{subsubsection.5.10.3.3}{\376\377\0005\000.\0001\0000\000.\0003\000.\0003\000\040\000c\000h\000e\000c\000k\000I\000n\000p\000u\000t\000s\000\050\000\051}{subsection.5.10.3}% 228
\BOOKMARK [3][-]{subsubsection.5.10.3.4}{\376\377\0005\000.\0001\0000\000.\0003\000.\0004\000\040\000c\000h\000e\000c\000k\000S\000n\000a\000k\000e\000\050\000\051}{subsection.5.10.3}% 229
\BOOKMARK [3][-]{subsubsection.5.10.3.5}{\376\377\0005\000.\0001\0000\000.\0003\000.\0005\000\040\000c\000r\000e\000a\000t\000e\000S\000n\000a\000k\000e\000\050\000\051}{subsection.5.10.3}% 230
\BOOKMARK [3][-]{subsubsection.5.10.3.6}{\376\377\0005\000.\0001\0000\000.\0003\000.\0006\000\040\000g\000e\000t\000B\000u\000l\000l\000e\000t\000X\000\050\000\051}{subsection.5.10.3}% 231
\BOOKMARK [3][-]{subsubsection.5.10.3.7}{\376\377\0005\000.\0001\0000\000.\0003\000.\0007\000\040\000g\000e\000t\000B\000u\000l\000l\000e\000t\000Y\000\050\000\051}{subsection.5.10.3}% 232
\BOOKMARK [3][-]{subsubsection.5.10.3.8}{\376\377\0005\000.\0001\0000\000.\0003\000.\0008\000\040\000g\000e\000t\000F\000o\000o\000d\000X\000\050\000\051}{subsection.5.10.3}% 233
\BOOKMARK [3][-]{subsubsection.5.10.3.9}{\376\377\0005\000.\0001\0000\000.\0003\000.\0009\000\040\000g\000e\000t\000F\000o\000o\000d\000Y\000\050\000\051}{subsection.5.10.3}% 234
\BOOKMARK [3][-]{subsubsection.5.10.3.10}{\376\377\0005\000.\0001\0000\000.\0003\000.\0001\0000\000\040\000g\000e\000t\000S\000c\000o\000r\000e\000\050\000\051}{subsection.5.10.3}% 235
\BOOKMARK [3][-]{subsubsection.5.10.3.11}{\376\377\0005\000.\0001\0000\000.\0003\000.\0001\0001\000\040\000g\000e\000t\000S\000n\000a\000k\000e\000\050\000\051}{subsection.5.10.3}% 236
\BOOKMARK [3][-]{subsubsection.5.10.3.12}{\376\377\0005\000.\0001\0000\000.\0003\000.\0001\0002\000\040\000g\000e\000t\000S\000n\000a\000k\000e\000X\000p\000o\000s\000\050\000\051}{subsection.5.10.3}% 237
\BOOKMARK [3][-]{subsubsection.5.10.3.13}{\376\377\0005\000.\0001\0000\000.\0003\000.\0001\0003\000\040\000g\000e\000t\000S\000n\000a\000k\000e\000Y\000p\000o\000s\000\050\000\051}{subsection.5.10.3}% 238
\BOOKMARK [3][-]{subsubsection.5.10.3.14}{\376\377\0005\000.\0001\0000\000.\0003\000.\0001\0004\000\040\000g\000e\000t\000X\000p\000o\000s\000\050\000\051}{subsection.5.10.3}% 239
\BOOKMARK [3][-]{subsubsection.5.10.3.15}{\376\377\0005\000.\0001\0000\000.\0003\000.\0001\0005\000\040\000g\000e\000t\000Y\000p\000o\000s\000\050\000\051}{subsection.5.10.3}% 240
\BOOKMARK [3][-]{subsubsection.5.10.3.16}{\376\377\0005\000.\0001\0000\000.\0003\000.\0001\0006\000\040\000r\000e\000l\000a\000u\000n\000c\000h\000\050\000\051}{subsection.5.10.3}% 241
\BOOKMARK [3][-]{subsubsection.5.10.3.17}{\376\377\0005\000.\0001\0000\000.\0003\000.\0001\0007\000\040\000s\000e\000t\000L\000o\000c\000k\000\050\000\051}{subsection.5.10.3}% 242
\BOOKMARK [2][-]{subsection.5.10.4}{\376\377\0005\000.\0001\0000\000.\0004\000\040\000M\000e\000m\000b\000e\000r\000\040\000D\000a\000t\000a\000\040\000D\000o\000c\000u\000m\000e\000n\000t\000a\000t\000i\000o\000n}{section.5.10}% 243
\BOOKMARK [3][-]{subsubsection.5.10.4.1}{\376\377\0005\000.\0001\0000\000.\0004\000.\0001\000\040\000f\000o\000o\000d\000\137\000x}{subsection.5.10.4}% 244
\BOOKMARK [3][-]{subsubsection.5.10.4.2}{\376\377\0005\000.\0001\0000\000.\0004\000.\0002\000\040\000f\000o\000o\000d\000\137\000y}{subsection.5.10.4}% 245
\BOOKMARK [3][-]{subsubsection.5.10.4.3}{\376\377\0005\000.\0001\0000\000.\0004\000.\0003\000\040\000l\000o\000c\000k}{subsection.5.10.4}% 246
\BOOKMARK [3][-]{subsubsection.5.10.4.4}{\376\377\0005\000.\0001\0000\000.\0004\000.\0004\000\040\000s\000c\000o\000r\000e}{subsection.5.10.4}% 247
\BOOKMARK [3][-]{subsubsection.5.10.4.5}{\376\377\0005\000.\0001\0000\000.\0004\000.\0005\000\040\000s\000n\000a\000k\000e\000s}{subsection.5.10.4}% 248
\BOOKMARK [3][-]{subsubsection.5.10.4.6}{\376\377\0005\000.\0001\0000\000.\0004\000.\0006\000\040\000x}{subsection.5.10.4}% 249
\BOOKMARK [3][-]{subsubsection.5.10.4.7}{\376\377\0005\000.\0001\0000\000.\0004\000.\0007\000\040\000x\000c\000o\000o\000r\000d\000s}{subsection.5.10.4}% 250
\BOOKMARK [3][-]{subsubsection.5.10.4.8}{\376\377\0005\000.\0001\0000\000.\0004\000.\0008\000\040\000y}{subsection.5.10.4}% 251
\BOOKMARK [3][-]{subsubsection.5.10.4.9}{\376\377\0005\000.\0001\0000\000.\0004\000.\0009\000\040\000y\000c\000o\000o\000r\000d\000s}{subsection.5.10.4}% 252
\BOOKMARK [0][-]{chapter.6}{\376\377\0006\000\040\000F\000i\000l\000e\000\040\000D\000o\000c\000u\000m\000e\000n\000t\000a\000t\000i\000o\000n}{}% 253
\BOOKMARK [1][-]{section.6.1}{\376\377\0006\000.\0001\000\040\000c\000o\000r\000e\000\137\000f\000/\000c\000o\000r\000e\000.\000c\000p\000p\000\040\000F\000i\000l\000e\000\040\000R\000e\000f\000e\000r\000e\000n\000c\000e}{chapter.6}% 254
\BOOKMARK [2][-]{subsection.6.1.1}{\376\377\0006\000.\0001\000.\0001\000\040\000D\000e\000t\000a\000i\000l\000e\000d\000\040\000D\000e\000s\000c\000r\000i\000p\000t\000i\000o\000n}{section.6.1}% 255
\BOOKMARK [1][-]{section.6.2}{\376\377\0006\000.\0002\000\040\000c\000o\000r\000e\000\137\000f\000/\000C\000o\000r\000e\000.\000h\000p\000p\000\040\000F\000i\000l\000e\000\040\000R\000e\000f\000e\000r\000e\000n\000c\000e}{chapter.6}% 256
\BOOKMARK [2][-]{subsection.6.2.1}{\376\377\0006\000.\0002\000.\0001\000\040\000F\000u\000n\000c\000t\000i\000o\000n\000\040\000D\000o\000c\000u\000m\000e\000n\000t\000a\000t\000i\000o\000n}{section.6.2}% 257
\BOOKMARK [3][-]{subsubsection.6.2.1.1}{\376\377\0006\000.\0002\000.\0001\000.\0001\000\040\000g\000a\000m\000e\000L\000o\000o\000p\000\050\000\051}{subsection.6.2.1}% 258
\BOOKMARK [3][-]{subsubsection.6.2.1.2}{\376\377\0006\000.\0002\000.\0001\000.\0002\000\040\000g\000e\000t\000\137\000l\000i\000b\000\050\000\051}{subsection.6.2.1}% 259
\BOOKMARK [1][-]{section.6.3}{\376\377\0006\000.\0003\000\040\000c\000o\000r\000e\000\137\000f\000/\000D\000L\000L\000o\000a\000d\000e\000r\000.\000c\000p\000p\000\040\000F\000i\000l\000e\000\040\000R\000e\000f\000e\000r\000e\000n\000c\000e}{chapter.6}% 260
\BOOKMARK [2][-]{subsection.6.3.1}{\376\377\0006\000.\0003\000.\0001\000\040\000D\000e\000t\000a\000i\000l\000e\000d\000\040\000D\000e\000s\000c\000r\000i\000p\000t\000i\000o\000n}{section.6.3}% 261
\BOOKMARK [1][-]{section.6.4}{\376\377\0006\000.\0004\000\040\000c\000o\000r\000e\000\137\000f\000/\000D\000L\000L\000o\000a\000d\000e\000r\000.\000h\000p\000p\000\040\000F\000i\000l\000e\000\040\000R\000e\000f\000e\000r\000e\000n\000c\000e}{chapter.6}% 262
\BOOKMARK [1][-]{section.6.5}{\376\377\0006\000.\0005\000\040\000c\000o\000r\000e\000\137\000f\000/\000l\000i\000b\000f\000i\000n\000d\000e\000r\000.\000c\000p\000p\000\040\000F\000i\000l\000e\000\040\000R\000e\000f\000e\000r\000e\000n\000c\000e}{chapter.6}% 263
\BOOKMARK [2][-]{subsection.6.5.1}{\376\377\0006\000.\0005\000.\0001\000\040\000D\000e\000t\000a\000i\000l\000e\000d\000\040\000D\000e\000s\000c\000r\000i\000p\000t\000i\000o\000n}{section.6.5}% 264
\BOOKMARK [2][-]{subsection.6.5.2}{\376\377\0006\000.\0005\000.\0002\000\040\000F\000u\000n\000c\000t\000i\000o\000n\000\040\000D\000o\000c\000u\000m\000e\000n\000t\000a\000t\000i\000o\000n}{section.6.5}% 265
\BOOKMARK [3][-]{subsubsection.6.5.2.1}{\376\377\0006\000.\0005\000.\0002\000.\0001\000\040\000f\000i\000n\000d\000\137\000i\000n\000\137\000g\000a\000m\000e\000\050\000\051}{subsection.6.5.2}% 266
\BOOKMARK [3][-]{subsubsection.6.5.2.2}{\376\377\0006\000.\0005\000.\0002\000.\0002\000\040\000f\000i\000n\000d\000\137\000i\000n\000\137\000g\000r\000a\000\050\000\051}{subsection.6.5.2}% 267
\BOOKMARK [3][-]{subsubsection.6.5.2.3}{\376\377\0006\000.\0005\000.\0002\000.\0003\000\040\000g\000e\000t\000\137\000l\000i\000b\000\050\000\051}{subsection.6.5.2}% 268
\BOOKMARK [3][-]{subsubsection.6.5.2.4}{\376\377\0006\000.\0005\000.\0002\000.\0004\000\040\000n\000i\000d\000d\000l\000e\000y\000e\000a\000r\000s\000o\000l\000d\000\050\000\051}{subsection.6.5.2}% 269
\BOOKMARK [1][-]{section.6.6}{\376\377\0006\000.\0006\000\040\000c\000o\000r\000e\000\137\000f\000/\000m\000a\000i\000n\000.\000c\000p\000p\000\040\000F\000i\000l\000e\000\040\000R\000e\000f\000e\000r\000e\000n\000c\000e}{chapter.6}% 270
\BOOKMARK [2][-]{subsection.6.6.1}{\376\377\0006\000.\0006\000.\0001\000\040\000F\000u\000n\000c\000t\000i\000o\000n\000\040\000D\000o\000c\000u\000m\000e\000n\000t\000a\000t\000i\000o\000n}{section.6.6}% 271
\BOOKMARK [3][-]{subsubsection.6.6.1.1}{\376\377\0006\000.\0006\000.\0001\000.\0001\000\040\000m\000a\000i\000n\000\050\000\051}{subsection.6.6.1}% 272
\BOOKMARK [1][-]{section.6.7}{\376\377\0006\000.\0007\000\040\000g\000a\000m\000e\000/\000c\000e\000n\000t\000i\000p\000e\000d\000e\000/\000c\000e\000n\000t\000i\000p\000e\000d\000e\000.\000c\000p\000p\000\040\000F\000i\000l\000e\000\040\000R\000e\000f\000e\000r\000e\000n\000c\000e}{chapter.6}% 273
\BOOKMARK [2][-]{subsection.6.7.1}{\376\377\0006\000.\0007\000.\0001\000\040\000D\000e\000t\000a\000i\000l\000e\000d\000\040\000D\000e\000s\000c\000r\000i\000p\000t\000i\000o\000n}{section.6.7}% 274
\BOOKMARK [2][-]{subsection.6.7.2}{\376\377\0006\000.\0007\000.\0002\000\040\000F\000u\000n\000c\000t\000i\000o\000n\000\040\000D\000o\000c\000u\000m\000e\000n\000t\000a\000t\000i\000o\000n}{section.6.7}% 275
\BOOKMARK [3][-]{subsubsection.6.7.2.1}{\376\377\0006\000.\0007\000.\0002\000.\0001\000\040\000\137\000\137\000a\000t\000t\000r\000i\000b\000u\000t\000e\000\137\000\137\000\050\000\051\000\040\000[\0001\000/\0002\000]}{subsection.6.7.2}% 276
\BOOKMARK [3][-]{subsubsection.6.7.2.2}{\376\377\0006\000.\0007\000.\0002\000.\0002\000\040\000\137\000\137\000a\000t\000t\000r\000i\000b\000u\000t\000e\000\137\000\137\000\050\000\051\000\040\000[\0002\000/\0002\000]}{subsection.6.7.2}% 277
\BOOKMARK [3][-]{subsubsection.6.7.2.3}{\376\377\0006\000.\0007\000.\0002\000.\0003\000\040\000c\000a\000l\000l\000e\000d\000F\000i\000r\000s\000t\000\050\000\051}{subsection.6.7.2}% 278
\BOOKMARK [3][-]{subsubsection.6.7.2.4}{\376\377\0006\000.\0007\000.\0002\000.\0004\000\040\000c\000a\000l\000l\000e\000d\000L\000a\000s\000t\000\050\000\051}{subsection.6.7.2}% 279
\BOOKMARK [3][-]{subsubsection.6.7.2.5}{\376\377\0006\000.\0007\000.\0002\000.\0005\000\040\000e\000n\000t\000r\000y\000P\000o\000i\000n\000t\000\050\000\051}{subsection.6.7.2}% 280
\BOOKMARK [1][-]{section.6.8}{\376\377\0006\000.\0008\000\040\000g\000a\000m\000e\000/\000c\000e\000n\000t\000i\000p\000e\000d\000e\000/\000c\000e\000n\000t\000i\000p\000e\000d\000e\000.\000h\000p\000p\000\040\000F\000i\000l\000e\000\040\000R\000e\000f\000e\000r\000e\000n\000c\000e}{chapter.6}% 281
\BOOKMARK [1][-]{section.6.9}{\376\377\0006\000.\0009\000\040\000g\000a\000m\000e\000/\000i\000g\000a\000m\000e\000.\000h\000p\000p\000\040\000F\000i\000l\000e\000\040\000R\000e\000f\000e\000r\000e\000n\000c\000e}{chapter.6}% 282
\BOOKMARK [1][-]{section.6.10}{\376\377\0006\000.\0001\0000\000\040\000g\000a\000m\000e\000/\000n\000i\000b\000b\000l\000e\000r\000/\000n\000i\000b\000b\000l\000e\000r\000.\000c\000p\000p\000\040\000F\000i\000l\000e\000\040\000R\000e\000f\000e\000r\000e\000n\000c\000e}{chapter.6}% 283
\BOOKMARK [2][-]{subsection.6.10.1}{\376\377\0006\000.\0001\0000\000.\0001\000\040\000D\000e\000t\000a\000i\000l\000e\000d\000\040\000D\000e\000s\000c\000r\000i\000p\000t\000i\000o\000n}{section.6.10}% 284
\BOOKMARK [2][-]{subsection.6.10.2}{\376\377\0006\000.\0001\0000\000.\0002\000\040\000F\000u\000n\000c\000t\000i\000o\000n\000\040\000D\000o\000c\000u\000m\000e\000n\000t\000a\000t\000i\000o\000n}{section.6.10}% 285
\BOOKMARK [3][-]{subsubsection.6.10.2.1}{\376\377\0006\000.\0001\0000\000.\0002\000.\0001\000\040\000\137\000\137\000a\000t\000t\000r\000i\000b\000u\000t\000e\000\137\000\137\000\050\000\051\000\040\000[\0001\000/\0002\000]}{subsection.6.10.2}% 286
\BOOKMARK [3][-]{subsubsection.6.10.2.2}{\376\377\0006\000.\0001\0000\000.\0002\000.\0002\000\040\000\137\000\137\000a\000t\000t\000r\000i\000b\000u\000t\000e\000\137\000\137\000\050\000\051\000\040\000[\0002\000/\0002\000]}{subsection.6.10.2}% 287
\BOOKMARK [3][-]{subsubsection.6.10.2.3}{\376\377\0006\000.\0001\0000\000.\0002\000.\0003\000\040\000c\000a\000l\000l\000e\000d\000F\000i\000r\000s\000t\000\050\000\051}{subsection.6.10.2}% 288
\BOOKMARK [3][-]{subsubsection.6.10.2.4}{\376\377\0006\000.\0001\0000\000.\0002\000.\0004\000\040\000c\000a\000l\000l\000e\000d\000L\000a\000s\000t\000\050\000\051}{subsection.6.10.2}% 289
\BOOKMARK [3][-]{subsubsection.6.10.2.5}{\376\377\0006\000.\0001\0000\000.\0002\000.\0005\000\040\000e\000n\000t\000r\000y\000P\000o\000i\000n\000t\000\050\000\051}{subsection.6.10.2}% 290
\BOOKMARK [1][-]{section.6.11}{\376\377\0006\000.\0001\0001\000\040\000g\000a\000m\000e\000/\000n\000i\000b\000b\000l\000e\000r\000/\000n\000i\000b\000b\000l\000e\000r\000.\000h\000p\000p\000\040\000F\000i\000l\000e\000\040\000R\000e\000f\000e\000r\000e\000n\000c\000e}{chapter.6}% 291
\BOOKMARK [1][-]{section.6.12}{\376\377\0006\000.\0001\0002\000\040\000g\000r\000a\000p\000h\000i\000c\000/\000i\000g\000r\000a\000p\000h\000i\000c\000.\000h\000p\000p\000\040\000F\000i\000l\000e\000\040\000R\000e\000f\000e\000r\000e\000n\000c\000e}{chapter.6}% 292
\BOOKMARK [1][-]{section.6.13}{\376\377\0006\000.\0001\0003\000\040\000g\000r\000a\000p\000h\000i\000c\000/\000n\000c\000u\000r\000s\000e\000s\000/\000n\000c\000u\000r\000s\000e\000s\000.\000c\000p\000p\000\040\000F\000i\000l\000e\000\040\000R\000e\000f\000e\000r\000e\000n\000c\000e}{chapter.6}% 293
\BOOKMARK [2][-]{subsection.6.13.1}{\376\377\0006\000.\0001\0003\000.\0001\000\040\000D\000e\000t\000a\000i\000l\000e\000d\000\040\000D\000e\000s\000c\000r\000i\000p\000t\000i\000o\000n}{section.6.13}% 294
\BOOKMARK [2][-]{subsection.6.13.2}{\376\377\0006\000.\0001\0003\000.\0002\000\040\000F\000u\000n\000c\000t\000i\000o\000n\000\040\000D\000o\000c\000u\000m\000e\000n\000t\000a\000t\000i\000o\000n}{section.6.13}% 295
\BOOKMARK [3][-]{subsubsection.6.13.2.1}{\376\377\0006\000.\0001\0003\000.\0002\000.\0001\000\040\000\137\000\137\000a\000t\000t\000r\000i\000b\000u\000t\000e\000\137\000\137\000\050\000\051\000\040\000[\0001\000/\0002\000]}{subsection.6.13.2}% 296
\BOOKMARK [3][-]{subsubsection.6.13.2.2}{\376\377\0006\000.\0001\0003\000.\0002\000.\0002\000\040\000\137\000\137\000a\000t\000t\000r\000i\000b\000u\000t\000e\000\137\000\137\000\050\000\051\000\040\000[\0002\000/\0002\000]}{subsection.6.13.2}% 297
\BOOKMARK [3][-]{subsubsection.6.13.2.3}{\376\377\0006\000.\0001\0003\000.\0002\000.\0003\000\040\000c\000a\000l\000l\000e\000d\000F\000i\000r\000s\000t\000\050\000\051}{subsection.6.13.2}% 298
\BOOKMARK [3][-]{subsubsection.6.13.2.4}{\376\377\0006\000.\0001\0003\000.\0002\000.\0004\000\040\000c\000a\000l\000l\000e\000d\000L\000a\000s\000t\000\050\000\051}{subsection.6.13.2}% 299
\BOOKMARK [3][-]{subsubsection.6.13.2.5}{\376\377\0006\000.\0001\0003\000.\0002\000.\0005\000\040\000e\000n\000t\000r\000y\000P\000o\000i\000n\000t\000\050\000\051}{subsection.6.13.2}% 300
\BOOKMARK [1][-]{section.6.14}{\376\377\0006\000.\0001\0004\000\040\000g\000r\000a\000p\000h\000i\000c\000/\000n\000c\000u\000r\000s\000e\000s\000/\000n\000c\000u\000r\000s\000e\000s\000.\000h\000p\000p\000\040\000F\000i\000l\000e\000\040\000R\000e\000f\000e\000r\000e\000n\000c\000e}{chapter.6}% 301
\BOOKMARK [1][-]{section.6.15}{\376\377\0006\000.\0001\0005\000\040\000g\000r\000a\000p\000h\000i\000c\000/\000s\000d\000l\000\137\000d\000e\000u\000x\000/\000M\000y\000S\000D\000L\0002\000.\000c\000p\000p\000\040\000F\000i\000l\000e\000\040\000R\000e\000f\000e\000r\000e\000n\000c\000e}{chapter.6}% 302
\BOOKMARK [2][-]{subsection.6.15.1}{\376\377\0006\000.\0001\0005\000.\0001\000\040\000D\000e\000t\000a\000i\000l\000e\000d\000\040\000D\000e\000s\000c\000r\000i\000p\000t\000i\000o\000n}{section.6.15}% 303
\BOOKMARK [2][-]{subsection.6.15.2}{\376\377\0006\000.\0001\0005\000.\0002\000\040\000F\000u\000n\000c\000t\000i\000o\000n\000\040\000D\000o\000c\000u\000m\000e\000n\000t\000a\000t\000i\000o\000n}{section.6.15}% 304
\BOOKMARK [3][-]{subsubsection.6.15.2.1}{\376\377\0006\000.\0001\0005\000.\0002\000.\0001\000\040\000\137\000\137\000a\000t\000t\000r\000i\000b\000u\000t\000e\000\137\000\137\000\050\000\051\000\040\000[\0001\000/\0002\000]}{subsection.6.15.2}% 305
\BOOKMARK [3][-]{subsubsection.6.15.2.2}{\376\377\0006\000.\0001\0005\000.\0002\000.\0002\000\040\000\137\000\137\000a\000t\000t\000r\000i\000b\000u\000t\000e\000\137\000\137\000\050\000\051\000\040\000[\0002\000/\0002\000]}{subsection.6.15.2}% 306
\BOOKMARK [3][-]{subsubsection.6.15.2.3}{\376\377\0006\000.\0001\0005\000.\0002\000.\0003\000\040\000c\000a\000l\000l\000e\000d\000F\000i\000r\000s\000t\000\050\000\051}{subsection.6.15.2}% 307
\BOOKMARK [3][-]{subsubsection.6.15.2.4}{\376\377\0006\000.\0001\0005\000.\0002\000.\0004\000\040\000c\000a\000l\000l\000e\000d\000L\000a\000s\000t\000\050\000\051}{subsection.6.15.2}% 308
\BOOKMARK [3][-]{subsubsection.6.15.2.5}{\376\377\0006\000.\0001\0005\000.\0002\000.\0005\000\040\000e\000n\000t\000r\000y\000P\000o\000i\000n\000t\000\050\000\051}{subsection.6.15.2}% 309
\BOOKMARK [1][-]{section.6.16}{\376\377\0006\000.\0001\0006\000\040\000g\000r\000a\000p\000h\000i\000c\000/\000s\000d\000l\000\137\000d\000e\000u\000x\000/\000M\000y\000S\000D\000L\0002\000.\000h\000p\000p\000\040\000F\000i\000l\000e\000\040\000R\000e\000f\000e\000r\000e\000n\000c\000e}{chapter.6}% 310
\BOOKMARK [1][-]{section.6.17}{\376\377\0006\000.\0001\0007\000\040\000g\000r\000a\000p\000h\000i\000c\000/\000s\000f\000m\000l\000/\000s\000f\000m\000l\000d\000r\000a\000w\000.\000c\000p\000p\000\040\000F\000i\000l\000e\000\040\000R\000e\000f\000e\000r\000e\000n\000c\000e}{chapter.6}% 311
\BOOKMARK [2][-]{subsection.6.17.1}{\376\377\0006\000.\0001\0007\000.\0001\000\040\000D\000e\000t\000a\000i\000l\000e\000d\000\040\000D\000e\000s\000c\000r\000i\000p\000t\000i\000o\000n}{section.6.17}% 312
\BOOKMARK [2][-]{subsection.6.17.2}{\376\377\0006\000.\0001\0007\000.\0002\000\040\000F\000u\000n\000c\000t\000i\000o\000n\000\040\000D\000o\000c\000u\000m\000e\000n\000t\000a\000t\000i\000o\000n}{section.6.17}% 313
\BOOKMARK [3][-]{subsubsection.6.17.2.1}{\376\377\0006\000.\0001\0007\000.\0002\000.\0001\000\040\000\137\000\137\000a\000t\000t\000r\000i\000b\000u\000t\000e\000\137\000\137\000\050\000\051\000\040\000[\0001\000/\0002\000]}{subsection.6.17.2}% 314
\BOOKMARK [3][-]{subsubsection.6.17.2.2}{\376\377\0006\000.\0001\0007\000.\0002\000.\0002\000\040\000\137\000\137\000a\000t\000t\000r\000i\000b\000u\000t\000e\000\137\000\137\000\050\000\051\000\040\000[\0002\000/\0002\000]}{subsection.6.17.2}% 315
\BOOKMARK [3][-]{subsubsection.6.17.2.3}{\376\377\0006\000.\0001\0007\000.\0002\000.\0003\000\040\000c\000a\000l\000l\000e\000d\000F\000i\000r\000s\000t\000\050\000\051}{subsection.6.17.2}% 316
\BOOKMARK [3][-]{subsubsection.6.17.2.4}{\376\377\0006\000.\0001\0007\000.\0002\000.\0004\000\040\000c\000a\000l\000l\000e\000d\000L\000a\000s\000t\000g\000r\000a\000\050\000\051}{subsection.6.17.2}% 317
\BOOKMARK [3][-]{subsubsection.6.17.2.5}{\376\377\0006\000.\0001\0007\000.\0002\000.\0005\000\040\000e\000n\000t\000r\000y\000P\000o\000i\000n\000t\000\050\000\051}{subsection.6.17.2}% 318
\BOOKMARK [1][-]{section.6.18}{\376\377\0006\000.\0001\0008\000\040\000g\000r\000a\000p\000h\000i\000c\000/\000s\000f\000m\000l\000/\000s\000f\000m\000l\000d\000r\000a\000w\000.\000h\000p\000p\000\040\000F\000i\000l\000e\000\040\000R\000e\000f\000e\000r\000e\000n\000c\000e}{chapter.6}% 319
\BOOKMARK [0][-]{section*.165}{\376\377\000I\000n\000d\000e\000x}{}% 320
